query.cir ,	20 ,	C3a ,	40u
query.cir ,	21 ,	C3b ,	40e-6
query.cir ,	8 ,	R1a ,	1e3
query.cir ,	9 ,	R1b ,	2K
query.cir ,	13 ,	R2a ,	1k
query.cir ,	14 ,	R2b ,	2K
query.cir ,	19 ,	R3 ,	1K
query.cir ,	25 ,	R4 ,	1K
query.cir ,	29 ,	R5 ,	1K
query.cir ,	33 ,	R6 ,	1k
query.cir ,	35 ,	R_FILE ,	1k
query.cir ,	26 ,	L4 ,	40m
query.cir ,	30 ,	L5 ,	40e-3
query.cir ,	10 ,	V1 ,	Unknown
query.cir ,	15 ,	V2 ,	5
query.cir ,	18 ,	V3 ,	1
query.cir ,	24 ,	V4 ,	Unknown
query.cir ,	28 ,	V5 ,	Unknown
query.cir ,	34 ,	VPWL6 ,	Unknown
query.cir ,	36 ,	VPWL_FILE ,	Unknown
