    0.            0.5000       0.       
  1.0000e-08      0.5314       0.       
  2.0000e-08      0.5625       0.       
  3.0000e-08      0.5934       0.       
  4.0000e-08      0.6242       0.       
  5.0000e-08      0.6534       0.       
  6.0000e-08      0.6825       0.       
  7.0000e-08      0.7117       0.       
  8.0000e-08      0.7408       0.       
  9.0000e-08      0.7653       0.       
  1.0000e-07      0.7898       0.       
  1.1000e-07      0.8143       0.       
  1.2000e-07      0.8388       0.       
  1.3000e-07      0.8633       0.       
  1.4000e-07      0.8848       0.       
  1.5000e-07      0.9045       0.       
  1.6000e-07      0.9208       0.       
  1.7000e-07      0.9371       0.       
  1.8000e-07      0.9516       0.       
  1.9000e-07      0.9635       0.       
  2.0000e-07      0.9753       0.       
  2.1000e-07      0.9809       0.       
  2.2000e-07      0.9856       0.       
  2.3000e-07      0.9904       0.       
  2.4000e-07      0.9952       0.       
  2.5000e-07      1.0000       0.       
  2.6000e-07      0.9951       0.       
  2.7000e-07      0.9902       0.       
  2.8000e-07      0.9853       0.       
  2.9000e-07      0.9804       0.       
  3.0000e-07      0.9755       0.       
  3.1000e-07      0.9637       0.       
  3.2000e-07      0.9519       0.       
  3.3000e-07      0.9369       0.       
  3.4000e-07      0.9207       0.       
  3.5000e-07      0.9045       0.       
  3.6000e-07      0.8828       0.       
  3.7000e-07      0.8611       0.       
  3.8000e-07      0.8395       0.       
  3.9000e-07      0.8178       0.       
  4.0000e-07      0.7932       0.       
  4.1000e-07      0.7671       0.       
  4.2000e-07      0.7406       0.       
  4.3000e-07      0.7106       0.       
  4.4000e-07      0.6805       0.       
  4.5000e-07      0.6504       0.       
  4.6000e-07      0.6203       0.       
  4.7000e-07      0.5902       0.       
  4.8000e-07      0.5602       0.       
  4.9000e-07      0.5301       0.       
  5.0000e-07      0.5000       0.       
  5.1000e-07      0.4686       0.       
  5.2000e-07      0.4374       0.       
  5.3000e-07      0.4063       1.0001   
  5.4000e-07      0.3757       1.0000   
  5.5000e-07      0.3455       1.0000   
  5.6000e-07      0.3160       1.0000   
  5.7000e-07      0.2871       1.0000   
  5.8000e-07      0.2592       0.9999   
  5.9000e-07      0.2321       1.0001   
  6.0000e-07      0.2062       0.9999   
  6.1000e-07      0.1816       1.0000   
  6.2000e-07      0.1580       1.0000   
  6.3000e-07      0.1360       1.0000   
  6.4000e-07      0.1151       1.0000   
  6.5000e-07    9.549e-02      1.0001   
  6.6000e-07    7.799e-02      1.0000   
  6.7000e-07    6.199e-02      1.0000   
  6.8000e-07    4.868e-02      1.0000   
  6.9000e-07    3.600e-02      1.0000   
  7.0000e-07    2.587e-02      1.0000   
  7.1000e-07    1.882e-02      1.0000   
  7.2000e-07    1.176e-02      1.0000   
  7.3000e-07    4.708e-03      1.0000   
  7.4000e-07    1.746e-03      1.0000   
  7.5000e-07      0.           1.0000   
  7.6000e-07    2.789e-03      1.0000   
  7.7000e-07    5.578e-03      1.0000   
  7.8000e-07    9.195e-03      1.0000   
  7.9000e-07    1.695e-02      1.0000   
  8.0000e-07    2.471e-02      1.0000   
  8.1000e-07    3.827e-02      1.0000   
  8.2000e-07    5.257e-02      1.0000   
  8.3000e-07    6.688e-02      1.0000   
  8.4000e-07    8.119e-02      1.0000   
  8.5000e-07    9.549e-02      1.0000   
  8.6000e-07      0.1192       1.0000   
  8.7000e-07      0.1428       1.0000   
  8.8000e-07      0.1665       1.0000   
  8.9000e-07      0.1902       1.0000   
  9.0000e-07      0.2138       1.0000   
  9.1000e-07      0.2375       1.0000   
  9.2000e-07      0.2612       1.0000   
  9.3000e-07      0.2875       1.0000   
  9.4000e-07      0.3164       1.0000   
  9.5000e-07      0.3456       1.0000   
  9.6000e-07      0.3757       1.0000   
  9.7000e-07      0.4063       1.0000   
  9.8000e-07      0.4373    -1.003e-05  
  9.9000e-07      0.4686    -6.684e-05  
  1.0000e-06      0.5000     2.832e-04  
  1.0100e-06      0.5314       0.       
  1.0200e-06      0.5626       0.       
  1.0300e-06      0.5934       0.       
  1.0400e-06      0.6243       0.       
  1.0500e-06      0.6535       0.       
  1.0600e-06      0.6825       0.       
  1.0700e-06      0.7114       0.       
  1.0800e-06      0.7403       0.       
  1.0900e-06      0.7659       0.       
  1.1000e-06      0.7898       0.       
  1.1100e-06      0.8136       0.       
  1.1200e-06      0.8375       0.       
  1.1300e-06      0.8614       0.       
  1.1400e-06      0.8852       0.       
  1.1500e-06      0.9045       0.       
  1.1600e-06      0.9217       0.       
  1.1700e-06      0.9374       0.       
  1.1800e-06      0.9510       0.       
  1.1900e-06      0.9646       0.       
  1.2000e-06      0.9713       0.       
  1.2100e-06      0.9770       0.       
  1.2200e-06      0.9828       0.       
  1.2300e-06      0.9885       0.       
  1.2400e-06      0.9943       0.       
  1.2500e-06      1.0000       0.       
  1.2600e-06      0.9951       0.       
  1.2700e-06      0.9902       0.       
  1.2800e-06      0.9853       0.       
  1.2900e-06      0.9804       0.       
  1.3000e-06      0.9755       0.       
  1.3100e-06      0.9637       0.       
  1.3200e-06      0.9519       0.       
  1.3300e-06      0.9369       0.       
  1.3400e-06      0.9207       0.       
  1.3500e-06      0.9045       0.       
  1.3600e-06      0.8828       0.       
  1.3700e-06      0.8611       0.       
  1.3800e-06      0.8395       0.       
  1.3900e-06      0.8178       0.       
  1.4000e-06      0.7932       0.       
  1.4100e-06      0.7671       0.       
  1.4200e-06      0.7406       0.       
  1.4300e-06      0.7106       0.       
  1.4400e-06      0.6805       0.       
  1.4500e-06      0.6504       0.       
  1.4600e-06      0.6203       0.       
  1.4700e-06      0.5902       0.       
  1.4800e-06      0.5602       0.       
  1.4900e-06      0.5301       0.       
  1.5000e-06      0.5000       0.       
  1.5100e-06      0.4686       0.       
  1.5200e-06      0.4374       0.       
  1.5300e-06      0.4063       1.0010   
  1.5400e-06      0.3757       1.0011   
  1.5500e-06      0.3455       1.0006   
  1.5600e-06      0.3160       1.0007   
  1.5700e-06      0.2871       0.9982   
  1.5800e-06      0.2592       1.0011   
  1.5900e-06      0.2322       0.9985   
  1.6000e-06      0.2061       1.0021   
  1.6100e-06      0.1816       0.9994   
  1.6200e-06      0.1582       0.9988   
  1.6300e-06      0.1359       1.0012   
  1.6400e-06      0.1152       1.0006   
  1.6500e-06    9.549e-02      0.9977   
  1.6600e-06    7.804e-02      0.9995   
  1.6700e-06    6.208e-02      1.0000   
  1.6800e-06    4.868e-02      1.0000   
  1.6900e-06    3.641e-02      1.0000   
  1.7000e-06    2.496e-02      1.0000   
  1.7100e-06    1.877e-02      1.0000   
  1.7200e-06    1.259e-02      1.0000   
  1.7300e-06    6.404e-03      1.0000   
  1.7400e-06    1.175e-03      1.0000   
  1.7500e-06      0.           1.0000   
  1.7600e-06    1.878e-03      1.0000   
  1.7700e-06    4.144e-03      1.0000   
  1.7800e-06    1.011e-02      1.0000   
  1.7900e-06    1.608e-02      1.0000   
  1.8000e-06    2.817e-02      1.0000   
  1.8100e-06    4.163e-02      1.0000   
  1.8200e-06    5.510e-02      1.0000   
  1.8300e-06    6.856e-02      1.0000   
  1.8400e-06    8.203e-02      1.0000   
  1.8500e-06    9.549e-02      1.0000   
  1.8600e-06      0.1192       1.0000   
  1.8700e-06      0.1428       1.0000   
  1.8800e-06      0.1665       1.0000   
  1.8900e-06      0.1902       1.0000   
  1.9000e-06      0.2138       1.0000   
  1.9100e-06      0.2375       1.0000   
  1.9200e-06      0.2612       1.0000   
  1.9300e-06      0.2875       1.0000   
  1.9400e-06      0.3164       1.0000   
  1.9500e-06      0.3456       1.0000   
  1.9600e-06      0.3757       1.0000   
  1.9700e-06      0.4063       1.0000   
  1.9800e-06      0.4373     3.894e-05  
  1.9900e-06      0.4686    -1.433e-05  
  2.0000e-06      0.5000     2.744e-04  
  2.0100e-06      0.5314       0.       
  2.0200e-06      0.5626       0.       
  2.0300e-06      0.5934       0.       
  2.0400e-06      0.6243       0.       
  2.0500e-06      0.6535       0.       
  2.0600e-06      0.6825       0.       
  2.0700e-06      0.7114       0.       
  2.0800e-06      0.7404       0.       
  2.0900e-06      0.7658       0.       
  2.1000e-06      0.7897       0.       
  2.1100e-06      0.8137       0.       
  2.1200e-06      0.8376       0.       
  2.1300e-06      0.8615       0.       
  2.1400e-06      0.8852       0.       
  2.1500e-06      0.9045       0.       
  2.1600e-06      0.9216       0.       
  2.1700e-06      0.9375       0.       
  2.1800e-06      0.9510       0.       
  2.1900e-06      0.9645       0.       
  2.2000e-06      0.9716       0.       
  2.2100e-06      0.9773       0.       
  2.2200e-06      0.9829       0.       
  2.2300e-06      0.9886       0.       
  2.2400e-06      0.9943       0.       
  2.2500e-06      1.0000       0.       
  2.2600e-06      0.9951       0.       
  2.2700e-06      0.9902       0.       
  2.2800e-06      0.9853       0.       
  2.2900e-06      0.9804       0.       
  2.3000e-06      0.9755       0.       
  2.3100e-06      0.9637       0.       
  2.3200e-06      0.9519       0.       
  2.3300e-06      0.9369       0.       
  2.3400e-06      0.9207       0.       
  2.3500e-06      0.9045       0.       
  2.3600e-06      0.8828       0.       
  2.3700e-06      0.8611       0.       
  2.3800e-06      0.8395       0.       
  2.3900e-06      0.8178       0.       
  2.4000e-06      0.7932       0.       
  2.4100e-06      0.7671       0.       
  2.4200e-06      0.7406       0.       
  2.4300e-06      0.7106       0.       
  2.4400e-06      0.6805       0.       
  2.4500e-06      0.6504       0.       
  2.4600e-06      0.6203       0.       
  2.4700e-06      0.5902       0.       
  2.4800e-06      0.5602       0.       
  2.4900e-06      0.5301       0.       
  2.5000e-06      0.5000       0.       
  2.5100e-06      0.4686       0.       
  2.5200e-06      0.4374       0.       
  2.5300e-06      0.4063       1.0010   
  2.5400e-06      0.3757       1.0011   
  2.5500e-06      0.3455       1.0006   
  2.5600e-06      0.3160       1.0007   
  2.5700e-06      0.2871       0.9982   
  2.5800e-06      0.2592       1.0011   
  2.5900e-06      0.2322       0.9985   
  2.6000e-06      0.2061       1.0021   
  2.6100e-06      0.1816       0.9994   
  2.6200e-06      0.1582       0.9988   
  2.6300e-06      0.1359       1.0012   
  2.6400e-06      0.1152       1.0006   
  2.6500e-06    9.549e-02      0.9977   
  2.6600e-06    7.804e-02      0.9995   
  2.6700e-06    6.208e-02      1.0000   
  2.6800e-06    4.868e-02      1.0000   
  2.6900e-06    3.641e-02      1.0000   
  2.7000e-06    2.497e-02      1.0000   
  2.7100e-06    1.878e-02      1.0000   
  2.7200e-06    1.258e-02      1.0000   
  2.7300e-06    6.391e-03      1.0000   
  2.7400e-06    1.180e-03      1.0000   
  2.7500e-06      0.           1.0000   
  2.7600e-06    1.886e-03      1.0000   
  2.7700e-06    4.127e-03      1.0000   
  2.7800e-06    1.011e-02      1.0000   
  2.7900e-06    1.609e-02      1.0000   
  2.8000e-06    2.813e-02      1.0000   
  2.8100e-06    4.160e-02      1.0000   
  2.8200e-06    5.507e-02      1.0000   
  2.8300e-06    6.855e-02      1.0000   
  2.8400e-06    8.202e-02      1.0000   
  2.8500e-06    9.549e-02      1.0000   
  2.8600e-06      0.1192       1.0000   
  2.8700e-06      0.1428       1.0000   
  2.8800e-06      0.1665       1.0000   
  2.8900e-06      0.1902       1.0000   
  2.9000e-06      0.2138       1.0000   
  2.9100e-06      0.2375       1.0000   
  2.9200e-06      0.2612       1.0000   
  2.9300e-06      0.2875       1.0000   
  2.9400e-06      0.3164       1.0000   
  2.9500e-06      0.3456       1.0000   
  2.9600e-06      0.3757       1.0000   
  2.9700e-06      0.4063       1.0000   
  2.9800e-06      0.4373     3.856e-05  
  2.9900e-06      0.4686    -1.474e-05  
  3.0000e-06      0.5000     2.745e-04  
  3.0100e-06      0.5314       0.       
  3.0200e-06      0.5626       0.       
  3.0300e-06      0.5934       0.       
  3.0400e-06      0.6243       0.       
  3.0500e-06      0.6535       0.       
  3.0600e-06      0.6825       0.       
  3.0700e-06      0.7114       0.       
  3.0800e-06      0.7404       0.       
  3.0900e-06      0.7658       0.       
  3.1000e-06      0.7897       0.       
  3.1100e-06      0.8137       0.       
  3.1200e-06      0.8376       0.       
  3.1300e-06      0.8615       0.       
  3.1400e-06      0.8852       0.       
  3.1500e-06      0.9045       0.       
  3.1600e-06      0.9216       0.       
  3.1700e-06      0.9375       0.       
  3.1800e-06      0.9510       0.       
  3.1900e-06      0.9645       0.       
  3.2000e-06      0.9716       0.       
  3.2100e-06      0.9773       0.       
  3.2200e-06      0.9829       0.       
  3.2300e-06      0.9886       0.       
  3.2400e-06      0.9943       0.       
  3.2500e-06      1.0000       0.       
  3.2600e-06      0.9951       0.       
  3.2700e-06      0.9902       0.       
  3.2800e-06      0.9853       0.       
  3.2900e-06      0.9804       0.       
  3.3000e-06      0.9755       0.       
  3.3100e-06      0.9637       0.       
  3.3200e-06      0.9519       0.       
  3.3300e-06      0.9369       0.       
  3.3400e-06      0.9207       0.       
  3.3500e-06      0.9045       0.       
  3.3600e-06      0.8828       0.       
  3.3700e-06      0.8611       0.       
  3.3800e-06      0.8395       0.       
  3.3900e-06      0.8178       0.       
  3.4000e-06      0.7932       0.       
  3.4100e-06      0.7671       0.       
  3.4200e-06      0.7406       0.       
  3.4300e-06      0.7106       0.       
  3.4400e-06      0.6805       0.       
  3.4500e-06      0.6504       0.       
  3.4600e-06      0.6203       0.       
  3.4700e-06      0.5902       0.       
  3.4800e-06      0.5602       0.       
  3.4900e-06      0.5301       0.       
  3.5000e-06      0.5000       0.       
  3.5100e-06      0.4686       0.       
  3.5200e-06      0.4374       0.       
  3.5300e-06      0.4063       1.0010   
  3.5400e-06      0.3757       1.0011   
  3.5500e-06      0.3455       1.0006   
  3.5600e-06      0.3160       1.0007   
  3.5700e-06      0.2871       0.9982   
  3.5800e-06      0.2592       1.0011   
  3.5900e-06      0.2322       0.9985   
  3.6000e-06      0.2061       1.0021   
  3.6100e-06      0.1816       0.9994   
  3.6200e-06      0.1582       0.9988   
  3.6300e-06      0.1359       1.0012   
  3.6400e-06      0.1152       1.0006   
  3.6500e-06    9.549e-02      0.9977   
  3.6600e-06    7.804e-02      0.9995   
  3.6700e-06    6.208e-02      1.0000   
  3.6800e-06    4.868e-02      1.0000   
  3.6900e-06    3.641e-02      1.0000   
  3.7000e-06    2.497e-02      1.0000   
  3.7100e-06    1.878e-02      1.0000   
  3.7200e-06    1.258e-02      1.0000   
  3.7300e-06    6.391e-03      1.0000   
  3.7400e-06    1.180e-03      1.0000   
  3.7500e-06      0.           1.0000   
  3.7600e-06    1.886e-03      1.0000   
  3.7700e-06    4.128e-03      1.0000   
  3.7800e-06    1.011e-02      1.0000   
  3.7900e-06    1.609e-02      1.0000   
  3.8000e-06    2.813e-02      1.0000   
  3.8100e-06    4.160e-02      1.0000   
  3.8200e-06    5.507e-02      1.0000   
  3.8300e-06    6.855e-02      1.0000   
  3.8400e-06    8.202e-02      1.0000   
  3.8500e-06    9.549e-02      1.0000   
  3.8600e-06      0.1192       1.0000   
  3.8700e-06      0.1428       1.0000   
  3.8800e-06      0.1665       1.0000   
  3.8900e-06      0.1902       1.0000   
  3.9000e-06      0.2138       1.0000   
  3.9100e-06      0.2375       1.0000   
  3.9200e-06      0.2612       1.0000   
  3.9300e-06      0.2875       1.0000   
  3.9400e-06      0.3164       1.0000   
  3.9500e-06      0.3456       1.0000   
  3.9600e-06      0.3757       1.0000   
  3.9700e-06      0.4063       1.0000   
  3.9800e-06      0.4373     3.856e-05  
  3.9900e-06      0.4686    -1.474e-05  
  4.0000e-06      0.5000     2.745e-04  
  4.0100e-06      0.5314       0.       
  4.0200e-06      0.5626       0.       
  4.0300e-06      0.5934       0.       
  4.0400e-06      0.6243       0.       
  4.0500e-06      0.6535       0.       
  4.0600e-06      0.6825       0.       
  4.0700e-06      0.7114       0.       
  4.0800e-06      0.7404       0.       
  4.0900e-06      0.7658       0.       
  4.1000e-06      0.7897       0.       
  4.1100e-06      0.8137       0.       
  4.1200e-06      0.8376       0.       
  4.1300e-06      0.8615       0.       
  4.1400e-06      0.8852       0.       
  4.1500e-06      0.9045       0.       
  4.1600e-06      0.9216       0.       
  4.1700e-06      0.9375       0.       
  4.1800e-06      0.9510       0.       
  4.1900e-06      0.9645       0.       
  4.2000e-06      0.9716       0.       
  4.2100e-06      0.9773       0.       
  4.2200e-06      0.9829       0.       
  4.2300e-06      0.9886       0.       
  4.2400e-06      0.9943       0.       
  4.2500e-06      1.0000       0.       
  4.2600e-06      0.9951       0.       
  4.2700e-06      0.9902       0.       
  4.2800e-06      0.9853       0.       
  4.2900e-06      0.9804       0.       
  4.3000e-06      0.9755       0.       
  4.3100e-06      0.9637       0.       
  4.3200e-06      0.9519       0.       
  4.3300e-06      0.9369       0.       
  4.3400e-06      0.9207       0.       
  4.3500e-06      0.9045       0.       
  4.3600e-06      0.8828       0.       
  4.3700e-06      0.8611       0.       
  4.3800e-06      0.8395       0.       
  4.3900e-06      0.8178       0.       
  4.4000e-06      0.7932       0.       
  4.4100e-06      0.7671       0.       
  4.4200e-06      0.7406       0.       
  4.4300e-06      0.7106       0.       
  4.4400e-06      0.6805       0.       
  4.4500e-06      0.6504       0.       
  4.4600e-06      0.6203       0.       
  4.4700e-06      0.5902       0.       
  4.4800e-06      0.5602       0.       
  4.4900e-06      0.5301       0.       
  4.5000e-06      0.5000       0.       
  4.5100e-06      0.4686       0.       
  4.5200e-06      0.4374       0.       
  4.5300e-06      0.4063       1.0010   
  4.5400e-06      0.3757       1.0011   
  4.5500e-06      0.3455       1.0006   
  4.5600e-06      0.3160       1.0007   
  4.5700e-06      0.2871       0.9982   
  4.5800e-06      0.2592       1.0011   
  4.5900e-06      0.2322       0.9985   
  4.6000e-06      0.2061       1.0021   
  4.6100e-06      0.1816       0.9994   
  4.6200e-06      0.1582       0.9988   
  4.6300e-06      0.1359       1.0012   
  4.6400e-06      0.1152       1.0006   
  4.6500e-06    9.549e-02      0.9977   
  4.6600e-06    7.804e-02      0.9995   
  4.6700e-06    6.208e-02      1.0000   
  4.6800e-06    4.868e-02      1.0000   
  4.6900e-06    3.641e-02      1.0000   
  4.7000e-06    2.497e-02      1.0000   
  4.7100e-06    1.878e-02      1.0000   
  4.7200e-06    1.258e-02      1.0000   
  4.7300e-06    6.391e-03      1.0000   
  4.7400e-06    1.180e-03      1.0000   
  4.7500e-06      0.           1.0000   
  4.7600e-06    1.886e-03      1.0000   
  4.7700e-06    4.128e-03      1.0000   
  4.7800e-06    1.011e-02      1.0000   
  4.7900e-06    1.609e-02      1.0000   
  4.8000e-06    2.813e-02      1.0000   
  4.8100e-06    4.160e-02      1.0000   
  4.8200e-06    5.507e-02      1.0000   
  4.8300e-06    6.855e-02      1.0000   
  4.8400e-06    8.202e-02      1.0000   
  4.8500e-06    9.549e-02      1.0000   
  4.8600e-06      0.1192       1.0000   
  4.8700e-06      0.1428       1.0000   
  4.8800e-06      0.1665       1.0000   
  4.8900e-06      0.1902       1.0000   
  4.9000e-06      0.2138       1.0000   
  4.9100e-06      0.2375       1.0000   
  4.9200e-06      0.2612       1.0000   
  4.9300e-06      0.2875       1.0000   
  4.9400e-06      0.3164       1.0000   
  4.9500e-06      0.3456       1.0000   
  4.9600e-06      0.3757       1.0000   
  4.9700e-06      0.4063       1.0000   
  4.9800e-06      0.4373     3.857e-05  
  4.9900e-06      0.4686    -1.474e-05  
  5.0000e-06      0.5000     2.745e-04  
